# JRE version: OpenJDK Runtime Environment (8.0) (build 1.8.0-25-microsoft-b00)
# Java VM: OpenJDK 64-Bit Server VM (25.71-b00 mixed mode windows-amd64 compressed oops)
Heap:
 PSYoungGen      total 204288K, used 23412K [0x00000000eab00000, 0x0000000100000000, 0x0000000100000000)
  eden space 196608K, 8% used [0x00000000eab00000,0x00000000eba5f020,0x00000000f6b00000)
  from space 7680K, 99% used [0x00000000f6b00000,0x00000000f727e060,0x00000000f7280000)
  to   space 31744K, 0% used [0x00000000fe100000,0x00000000fe100000,0x0000000100000000)
 ParOldGen       total 130048K, used 50407K [0x00000000c0000000, 0x00000000c7f00000, 0x00000000eab00000)
  object space 130048K, 38% used [0x00000000c0000000,0x00000000c3139df0,0x00000000c7f00000)
 Metaspace       used 14763K, capacity 15428K, committed 15488K, reserved 1062912K
  class space    used 1750K, capacity 1906K, committed 1920K, reserved 1048576K
GC Heap History (10 events):
Event: 0.725 GC heap before
{Heap before GC invocations=1 (full 0):
 PSYoungGen      total 56832K, used 49152K [0x00000000eab00000, 0x00000000eea00000, 0x0000000100000000)
  eden space 49152K, 100% used [0x00000000eab00000,0x00000000edb00000,0x00000000edb00000)
  from space 7680K, 0% used [0x00000000ee280000,0x00000000ee280000,0x00000000eea00000)
  to   space 7680K, 0% used [0x00000000edb00000,0x00000000edb00000,0x00000000ee280000)
 ParOldGen       total 130048K, used 0K [0x00000000c0000000, 0x00000000c7f00000, 0x00000000eab00000)
  object space 130048K, 0% used [0x00000000c0000000,0x00000000c0000000,0x00000000c7f00000)
 Metaspace       used 7574K, capacity 7744K, committed 7936K, reserved 1056768K
  class space    used 847K, capacity 914K, committed 1024K, reserved 1048576K
Event: 0.734 GC heap after
Heap after GC invocations=1 (full 0):
 PSYoungGen      total 56832K, used 7657K [0x00000000eab00000, 0x00000000f1a00000, 0x0000000100000000)
  eden space 49152K, 0% used [0x00000000eab00000,0x00000000eab00000,0x00000000edb00000)
  from space 7680K, 99% used [0x00000000edb00000,0x00000000ee27a558,0x00000000ee280000)
  to   space 7680K, 0% used [0x00000000f1280000,0x00000000f1280000,0x00000000f1a00000)
 ParOldGen       total 130048K, used 3744K [0x00000000c0000000, 0x00000000c7f00000, 0x00000000eab00000)
  object space 130048K, 2% used [0x00000000c0000000,0x00000000c03a82f8,0x00000000c7f00000)
 Metaspace       used 7574K, capacity 7744K, committed 7936K, reserved 1056768K
  class space    used 847K, capacity 914K, committed 1024K, reserved 1048576K
}
Event: 1.013 GC heap before
{Heap before GC invocations=2 (full 0):
 PSYoungGen      total 56832K, used 56809K [0x00000000eab00000, 0x00000000f1a00000, 0x0000000100000000)
  eden space 49152K, 100% used [0x00000000eab00000,0x00000000edb00000,0x00000000edb00000)
  from space 7680K, 99% used [0x00000000edb00000,0x00000000ee27a558,0x00000000ee280000)
  to   space 7680K, 0% used [0x00000000f1280000,0x00000000f1280000,0x00000000f1a00000)
 ParOldGen       total 130048K, used 3744K [0x00000000c0000000, 0x00000000c7f00000, 0x00000000eab00000)
  object space 130048K, 2% used [0x00000000c0000000,0x00000000c03a82f8,0x00000000c7f00000)
 Metaspace       used 8525K, capacity 8830K, committed 9088K, reserved 1056768K
  class space    used 942K, capacity 1031K, committed 1152K, reserved 1048576K
Event: 1.029 GC heap after
Heap after GC invocations=2 (full 0):
 PSYoungGen      total 105984K, used 7653K [0x00000000eab00000, 0x00000000f1a00000, 0x0000000100000000)
  eden space 98304K, 0% used [0x00000000eab00000,0x00000000eab00000,0x00000000f0b00000)
  from space 7680K, 99% used [0x00000000f1280000,0x00000000f19f9438,0x00000000f1a00000)
  to   space 7680K, 0% used [0x00000000f0b00000,0x00000000f0b00000,0x00000000f1280000)
 ParOldGen       total 130048K, used 20261K [0x00000000c0000000, 0x00000000c7f00000, 0x00000000eab00000)
  object space 130048K, 15% used [0x00000000c0000000,0x00000000c13c96f0,0x00000000c7f00000)
 Metaspace       used 8525K, capacity 8830K, committed 9088K, reserved 1056768K
  class space    used 942K, capacity 1031K, committed 1152K, reserved 1048576K
}
Event: 1.459 GC heap before
{Heap before GC invocations=3 (full 0):
 PSYoungGen      total 105984K, used 105957K [0x00000000eab00000, 0x00000000f1a00000, 0x0000000100000000)
  eden space 98304K, 100% used [0x00000000eab00000,0x00000000f0b00000,0x00000000f0b00000)
  from space 7680K, 99% used [0x00000000f1280000,0x00000000f19f9438,0x00000000f1a00000)
  to   space 7680K, 0% used [0x00000000f0b00000,0x00000000f0b00000,0x00000000f1280000)
 ParOldGen       total 130048K, used 20261K [0x00000000c0000000, 0x00000000c7f00000, 0x00000000eab00000)
  object space 130048K, 15% used [0x00000000c0000000,0x00000000c13c96f0,0x00000000c7f00000)
 Metaspace       used 9915K, capacity 10268K, committed 10496K, reserved 1058816K
  class space    used 1145K, capacity 1278K, committed 1280K, reserved 1048576K
Event: 1.492 GC heap after
Heap after GC invocations=3 (full 0):
 PSYoungGen      total 105984K, used 7673K [0x00000000eab00000, 0x00000000f7a00000, 0x0000000100000000)
  eden space 98304K, 0% used [0x00000000eab00000,0x00000000eab00000,0x00000000f0b00000)
  from space 7680K, 99% used [0x00000000f0b00000,0x00000000f127e6c8,0x00000000f1280000)
  to   space 7680K, 0% used [0x00000000f7280000,0x00000000f7280000,0x00000000f7a00000)
 ParOldGen       total 130048K, used 39731K [0x00000000c0000000, 0x00000000c7f00000, 0x00000000eab00000)
  object space 130048K, 30% used [0x00000000c0000000,0x00000000c26ccf28,0x00000000c7f00000)
 Metaspace       used 9915K, capacity 10268K, committed 10496K, reserved 1058816K
  class space    used 1145K, capacity 1278K, committed 1280K, reserved 1048576K
}
Event: 2.900 GC heap before
{Heap before GC invocations=4 (full 0):
 PSYoungGen      total 105984K, used 105977K [0x00000000eab00000, 0x00000000f7a00000, 0x0000000100000000)
  eden space 98304K, 100% used [0x00000000eab00000,0x00000000f0b00000,0x00000000f0b00000)
  from space 7680K, 99% used [0x00000000f0b00000,0x00000000f127e6c8,0x00000000f1280000)
  to   space 7680K, 0% used [0x00000000f7280000,0x00000000f7280000,0x00000000f7a00000)
 ParOldGen       total 130048K, used 39731K [0x00000000c0000000, 0x00000000c7f00000, 0x00000000eab00000)
  object space 130048K, 30% used [0x00000000c0000000,0x00000000c26ccf28,0x00000000c7f00000)
 Metaspace       used 14380K, capacity 14978K, committed 15232K, reserved 1062912K
  class space    used 1725K, capacity 1895K, committed 1920K, reserved 1048576K
Event: 2.927 GC heap after
Heap after GC invocations=4 (full 0):
 PSYoungGen      total 204288K, used 7672K [0x00000000eab00000, 0x00000000f7a00000, 0x0000000100000000)
  eden space 196608K, 0% used [0x00000000eab00000,0x00000000eab00000,0x00000000f6b00000)
  from space 7680K, 99% used [0x00000000f7280000,0x00000000f79fe050,0x00000000f7a00000)
  to   space 7680K, 0% used [0x00000000f6b00000,0x00000000f6b00000,0x00000000f7280000)
 ParOldGen       total 130048K, used 44636K [0x00000000c0000000, 0x00000000c7f00000, 0x00000000eab00000)
  object space 130048K, 34% used [0x00000000c0000000,0x00000000c2b973f0,0x00000000c7f00000)
 Metaspace       used 14380K, capacity 14978K, committed 15232K, reserved 1062912K
  class space    used 1725K, capacity 1895K, committed 1920K, reserved 1048576K
}
Event: 3.972 GC heap before
{Heap before GC invocations=5 (full 0):
 PSYoungGen      total 204288K, used 204280K [0x00000000eab00000, 0x00000000f7a00000, 0x0000000100000000)
  eden space 196608K, 100% used [0x00000000eab00000,0x00000000f6b00000,0x00000000f6b00000)
  from space 7680K, 99% used [0x00000000f7280000,0x00000000f79fe050,0x00000000f7a00000)
  to   space 7680K, 0% used [0x00000000f6b00000,0x00000000f6b00000,0x00000000f7280000)
 ParOldGen       total 130048K, used 44636K [0x00000000c0000000, 0x00000000c7f00000, 0x00000000eab00000)
  object space 130048K, 34% used [0x00000000c0000000,0x00000000c2b973f0,0x00000000c7f00000)
 Metaspace       used 14760K, capacity 15428K, committed 15488K, reserved 1062912K
  class space    used 1750K, capacity 1906K, committed 1920K, reserved 1048576K
Event: 4.001 GC heap after
Heap after GC invocations=5 (full 0):
 PSYoungGen      total 204288K, used 7672K [0x00000000eab00000, 0x0000000100000000, 0x0000000100000000)
  eden space 196608K, 0% used [0x00000000eab00000,0x00000000eab00000,0x00000000f6b00000)
  from space 7680K, 99% used [0x00000000f6b00000,0x00000000f727e060,0x00000000f7280000)
  to   space 31744K, 0% used [0x00000000fe100000,0x00000000fe100000,0x0000000100000000)
 ParOldGen       total 130048K, used 50407K [0x00000000c0000000, 0x00000000c7f00000, 0x00000000eab00000)
  object space 130048K, 38% used [0x00000000c0000000,0x00000000c3139df0,0x00000000c7f00000)
 Metaspace       used 14760K, capacity 15428K, committed 15488K, reserved 1062912K
  class space    used 1750K, capacity 1906K, committed 1920K, reserved 1048576K
}

