# JRE version: OpenJDK Runtime Environment (8.0) (build 1.8.0-25-microsoft-b00)
# Java VM: OpenJDK 64-Bit Server VM (25.71-b00 mixed mode windows-amd64 compressed oops)
Heap:
 PSYoungGen      total 204288K, used 155086K [0x00000000eab00000, 0x0000000100000000, 0x0000000100000000)
  eden space 196608K, 76% used [0x00000000eab00000,0x00000000f3e6ba38,0x00000000f6b00000)
  from space 7680K, 53% used [0x00000000f6b00000,0x00000000f6f08000,0x00000000f7280000)
  to   space 29184K, 0% used [0x00000000fe380000,0x00000000fe380000,0x0000000100000000)
 ParOldGen       total 130048K, used 78734K [0x00000000c0000000, 0x00000000c7f00000, 0x00000000eab00000)
  object space 130048K, 60% used [0x00000000c0000000,0x00000000c4ce39b8,0x00000000c7f00000)
 Metaspace       used 15053K, capacity 15714K, committed 15872K, reserved 1062912K
  class space    used 1771K, capacity 1949K, committed 2048K, reserved 1048576K
GC Heap History (10 events):
Event: 7.212 GC heap before
{Heap before GC invocations=7 (full 0):
 PSYoungGen      total 204288K, used 204274K [0x00000000eab00000, 0x00000000f7a00000, 0x0000000100000000)
  eden space 196608K, 100% used [0x00000000eab00000,0x00000000f6b00000,0x00000000f6b00000)
  from space 7680K, 99% used [0x00000000f7280000,0x00000000f79fc830,0x00000000f7a00000)
  to   space 7680K, 0% used [0x00000000f6b00000,0x00000000f6b00000,0x00000000f7280000)
 ParOldGen       total 130048K, used 55128K [0x00000000c0000000, 0x00000000c7f00000, 0x00000000eab00000)
  object space 130048K, 42% used [0x00000000c0000000,0x00000000c35d6140,0x00000000c7f00000)
 Metaspace       used 14958K, capacity 15646K, committed 15872K, reserved 1062912K
  class space    used 1771K, capacity 1949K, committed 2048K, reserved 1048576K
Event: 7.250 GC heap after
Heap after GC invocations=7 (full 0):
 PSYoungGen      total 204288K, used 7666K [0x00000000eab00000, 0x00000000f7a00000, 0x0000000100000000)
  eden space 196608K, 0% used [0x00000000eab00000,0x00000000eab00000,0x00000000f6b00000)
  from space 7680K, 99% used [0x00000000f6b00000,0x00000000f727c830,0x00000000f7280000)
  to   space 7680K, 0% used [0x00000000f7280000,0x00000000f7280000,0x00000000f7a00000)
 ParOldGen       total 130048K, used 59253K [0x00000000c0000000, 0x00000000c7f00000, 0x00000000eab00000)
  object space 130048K, 45% used [0x00000000c0000000,0x00000000c39dd678,0x00000000c7f00000)
 Metaspace       used 14958K, capacity 15646K, committed 15872K, reserved 1062912K
  class space    used 1771K, capacity 1949K, committed 2048K, reserved 1048576K
}
Event: 8.194 GC heap before
{Heap before GC invocations=8 (full 0):
 PSYoungGen      total 204288K, used 204274K [0x00000000eab00000, 0x00000000f7a00000, 0x0000000100000000)
  eden space 196608K, 100% used [0x00000000eab00000,0x00000000f6b00000,0x00000000f6b00000)
  from space 7680K, 99% used [0x00000000f6b00000,0x00000000f727c830,0x00000000f7280000)
  to   space 7680K, 0% used [0x00000000f7280000,0x00000000f7280000,0x00000000f7a00000)
 ParOldGen       total 130048K, used 59253K [0x00000000c0000000, 0x00000000c7f00000, 0x00000000eab00000)
  object space 130048K, 45% used [0x00000000c0000000,0x00000000c39dd678,0x00000000c7f00000)
 Metaspace       used 14986K, capacity 15650K, committed 15872K, reserved 1062912K
  class space    used 1771K, capacity 1949K, committed 2048K, reserved 1048576K
Event: 8.220 GC heap after
Heap after GC invocations=8 (full 0):
 PSYoungGen      total 204288K, used 7648K [0x00000000eab00000, 0x00000000f7a00000, 0x0000000100000000)
  eden space 196608K, 0% used [0x00000000eab00000,0x00000000eab00000,0x00000000f6b00000)
  from space 7680K, 99% used [0x00000000f7280000,0x00000000f79f8020,0x00000000f7a00000)
  to   space 7680K, 0% used [0x00000000f6b00000,0x00000000f6b00000,0x00000000f7280000)
 ParOldGen       total 130048K, used 63657K [0x00000000c0000000, 0x00000000c7f00000, 0x00000000eab00000)
  object space 130048K, 48% used [0x00000000c0000000,0x00000000c3e2a7a0,0x00000000c7f00000)
 Metaspace       used 14986K, capacity 15650K, committed 15872K, reserved 1062912K
  class space    used 1771K, capacity 1949K, committed 2048K, reserved 1048576K
}
Event: 9.046 GC heap before
{Heap before GC invocations=9 (full 0):
 PSYoungGen      total 204288K, used 204256K [0x00000000eab00000, 0x00000000f7a00000, 0x0000000100000000)
  eden space 196608K, 100% used [0x00000000eab00000,0x00000000f6b00000,0x00000000f6b00000)
  from space 7680K, 99% used [0x00000000f7280000,0x00000000f79f8020,0x00000000f7a00000)
  to   space 7680K, 0% used [0x00000000f6b00000,0x00000000f6b00000,0x00000000f7280000)
 ParOldGen       total 130048K, used 63657K [0x00000000c0000000, 0x00000000c7f00000, 0x00000000eab00000)
  object space 130048K, 48% used [0x00000000c0000000,0x00000000c3e2a7a0,0x00000000c7f00000)
 Metaspace       used 15018K, capacity 15714K, committed 15872K, reserved 1062912K
  class space    used 1771K, capacity 1949K, committed 2048K, reserved 1048576K
Event: 9.068 GC heap after
Heap after GC invocations=9 (full 0):
 PSYoungGen      total 204288K, used 7667K [0x00000000eab00000, 0x00000000f7a00000, 0x0000000100000000)
  eden space 196608K, 0% used [0x00000000eab00000,0x00000000eab00000,0x00000000f6b00000)
  from space 7680K, 99% used [0x00000000f6b00000,0x00000000f727ce38,0x00000000f7280000)
  to   space 7680K, 0% used [0x00000000f7280000,0x00000000f7280000,0x00000000f7a00000)
 ParOldGen       total 130048K, used 67473K [0x00000000c0000000, 0x00000000c7f00000, 0x00000000eab00000)
  object space 130048K, 51% used [0x00000000c0000000,0x00000000c41e4448,0x00000000c7f00000)
 Metaspace       used 15018K, capacity 15714K, committed 15872K, reserved 1062912K
  class space    used 1771K, capacity 1949K, committed 2048K, reserved 1048576K
}
Event: 9.959 GC heap before
{Heap before GC invocations=10 (full 0):
 PSYoungGen      total 204288K, used 204275K [0x00000000eab00000, 0x00000000f7a00000, 0x0000000100000000)
  eden space 196608K, 100% used [0x00000000eab00000,0x00000000f6b00000,0x00000000f6b00000)
  from space 7680K, 99% used [0x00000000f6b00000,0x00000000f727ce38,0x00000000f7280000)
  to   space 7680K, 0% used [0x00000000f7280000,0x00000000f7280000,0x00000000f7a00000)
 ParOldGen       total 130048K, used 67473K [0x00000000c0000000, 0x00000000c7f00000, 0x00000000eab00000)
  object space 130048K, 51% used [0x00000000c0000000,0x00000000c41e4448,0x00000000c7f00000)
 Metaspace       used 15027K, capacity 15714K, committed 15872K, reserved 1062912K
  class space    used 1771K, capacity 1949K, committed 2048K, reserved 1048576K
Event: 9.984 GC heap after
Heap after GC invocations=10 (full 0):
 PSYoungGen      total 204288K, used 6643K [0x00000000eab00000, 0x00000000f7a00000, 0x0000000100000000)
  eden space 196608K, 0% used [0x00000000eab00000,0x00000000eab00000,0x00000000f6b00000)
  from space 7680K, 86% used [0x00000000f7280000,0x00000000f78fce38,0x00000000f7a00000)
  to   space 7680K, 0% used [0x00000000f6b00000,0x00000000f6b00000,0x00000000f7280000)
 ParOldGen       total 130048K, used 72169K [0x00000000c0000000, 0x00000000c7f00000, 0x00000000eab00000)
  object space 130048K, 55% used [0x00000000c0000000,0x00000000c467a448,0x00000000c7f00000)
 Metaspace       used 15027K, capacity 15714K, committed 15872K, reserved 1062912K
  class space    used 1771K, capacity 1949K, committed 2048K, reserved 1048576K
}
Event: 10.747 GC heap before
{Heap before GC invocations=11 (full 0):
 PSYoungGen      total 204288K, used 203251K [0x00000000eab00000, 0x00000000f7a00000, 0x0000000100000000)
  eden space 196608K, 100% used [0x00000000eab00000,0x00000000f6b00000,0x00000000f6b00000)
  from space 7680K, 86% used [0x00000000f7280000,0x00000000f78fce38,0x00000000f7a00000)
  to   space 7680K, 0% used [0x00000000f6b00000,0x00000000f6b00000,0x00000000f7280000)
 ParOldGen       total 130048K, used 72169K [0x00000000c0000000, 0x00000000c7f00000, 0x00000000eab00000)
  object space 130048K, 55% used [0x00000000c0000000,0x00000000c467a448,0x00000000c7f00000)
 Metaspace       used 15036K, capacity 15714K, committed 15872K, reserved 1062912K
  class space    used 1771K, capacity 1949K, committed 2048K, reserved 1048576K
Event: 10.763 GC heap after
Heap after GC invocations=11 (full 0):
 PSYoungGen      total 204288K, used 4128K [0x00000000eab00000, 0x0000000100000000, 0x0000000100000000)
  eden space 196608K, 0% used [0x00000000eab00000,0x00000000eab00000,0x00000000f6b00000)
  from space 7680K, 53% used [0x00000000f6b00000,0x00000000f6f08000,0x00000000f7280000)
  to   space 29184K, 0% used [0x00000000fe380000,0x00000000fe380000,0x0000000100000000)
 ParOldGen       total 130048K, used 78734K [0x00000000c0000000, 0x00000000c7f00000, 0x00000000eab00000)
  object space 130048K, 60% used [0x00000000c0000000,0x00000000c4ce39b8,0x00000000c7f00000)
 Metaspace       used 15036K, capacity 15714K, committed 15872K, reserved 1062912K
  class space    used 1771K, capacity 1949K, committed 2048K, reserved 1048576K
}

